<?xml version="1.0" encoding="UTF-8"?>
<testsuite xmlns:xsi="http://www.w3.org/2001/XMLSchema-instance" xsi:noNamespaceSchemaLocation="https://maven.apache.org/surefire/maven-surefire-plugin/xsd/surefire-test-report.xsd" name="utcluj.aut.MyFirstExampleTest" time="0.046" tests="4" errors="0" skipped="0" failures="0">
  <properties>
[...]
</properties>
  <testcase name="testAdd" classname="utcluj.aut.MyFirstExampleTest" time="0.029"/>
  <testcase name="testSubtract" classname="utcluj.aut.MyFirstExampleTest" time="0.001"/>
  <testcase name="testDivide" classname="utcluj.aut.MyFirstExampleTest" time="0.003"/>
  <testcase name="testMultiply" classname="utcluj.aut.MyFirstExampleTest" time="0.001"/>
</testsuite>