<?xml version="1.0" encoding="UTF-8"?>
<testsuite xmlns:xsi="http://www.w3.org/2001/XMLSchema-instance" xsi:noNamespaceSchemaLocation="https://maven.apache.org/surefire/maven-surefire-plugin/xsd/surefire-test-report.xsd" name="utcluj.aut.lab2.exercises.Ex6BullsAndCowsGameTest" time="0.008" tests="4" errors="2" skipped="0" failures="2">
  <properties>
[...]
</properties>
  <testcase name="testInvalidGuesses" classname="utcluj.aut.lab2.exercises.Ex6BullsAndCowsGameTest" time="0">
    <failure message="Should throw exception for too short guess ==&gt; Expected java.lang.IllegalArgumentException to be thrown, but nothing was thrown." type="org.opentest4j.AssertionFailedError">org.opentest4j.AssertionFailedError: Should throw exception for too short guess ==> Expected java.lang.IllegalArgumentException to be thrown, but nothing was thrown.
	at utcluj.aut.lab2.exercises.Ex6BullsAndCowsGameTest.testInvalidGuesses(Ex6BullsAndCowsGameTest.java:66)
</failure>
  </testcase>
  <testcase name="testGameplay" classname="utcluj.aut.lab2.exercises.Ex6BullsAndCowsGameTest" time="0.001">
    <failure message="Game should take 3 attempts ==&gt; expected: &lt;3&gt; but was: &lt;0&gt;" type="org.opentest4j.AssertionFailedError"><![CDATA[org.opentest4j.AssertionFailedError: Game should take 3 attempts ==> expected: <3> but was: <0>
	at utcluj.aut.lab2.exercises.Ex6BullsAndCowsGameTest.testGameplay(Ex6BullsAndCowsGameTest.java:87)
]]></failure>
  </testcase>
  <testcase name="testEvaluateGuess" classname="utcluj.aut.lab2.exercises.Ex6BullsAndCowsGameTest" time="0">
    <error message="Cannot load from int array because &quot;result&quot; is null" type="java.lang.NullPointerException">java.lang.NullPointerException: Cannot load from int array because "result" is null
	at utcluj.aut.lab2.exercises.Ex6BullsAndCowsGameTest.testEvaluateGuess(Ex6BullsAndCowsGameTest.java:43)
</error>
  </testcase>
  <testcase name="testGenerateSecretNumber" classname="utcluj.aut.lab2.exercises.Ex6BullsAndCowsGameTest" time="0">
    <error message="Cannot invoke &quot;String.length()&quot; because &quot;secret&quot; is null" type="java.lang.NullPointerException">java.lang.NullPointerException: Cannot invoke "String.length()" because "secret" is null
	at utcluj.aut.lab2.exercises.Ex6BullsAndCowsGameTest.testGenerateSecretNumber(Ex6BullsAndCowsGameTest.java:20)
</error>
  </testcase>
</testsuite>