-------------------------------------------------------------------------------
Test set: utcluj.aut.lab2.exercises.Ex6BullsAndCowsGameTest
-------------------------------------------------------------------------------
Tests run: 4, Failures: 2, Errors: 2, Skipped: 0, Time elapsed: 0.008 s <<< FAILURE! - in utcluj.aut.lab2.exercises.Ex6BullsAndCowsGameTest
testInvalidGuesses  Time elapsed: 0 s  <<< FAILURE!
org.opentest4j.AssertionFailedError: Should throw exception for too short guess ==> Expected java.lang.IllegalArgumentException to be thrown, but nothing was thrown.
	at utcluj.aut.lab2.exercises.Ex6BullsAndCowsGameTest.testInvalidGuesses(Ex6BullsAndCowsGameTest.java:66)

testGameplay  Time elapsed: 0.001 s  <<< FAILURE!
org.opentest4j.AssertionFailedError: Game should take 3 attempts ==> expected: <3> but was: <0>
	at utcluj.aut.lab2.exercises.Ex6BullsAndCowsGameTest.testGameplay(Ex6BullsAndCowsGameTest.java:87)

testEvaluateGuess  Time elapsed: 0 s  <<< ERROR!
java.lang.NullPointerException: Cannot load from int array because "result" is null
	at utcluj.aut.lab2.exercises.Ex6BullsAndCowsGameTest.testEvaluateGuess(Ex6BullsAndCowsGameTest.java:43)

testGenerateSecretNumber  Time elapsed: 0 s  <<< ERROR!
java.lang.NullPointerException: Cannot invoke "String.length()" because "secret" is null
	at utcluj.aut.lab2.exercises.Ex6BullsAndCowsGameTest.testGenerateSecretNumber(Ex6BullsAndCowsGameTest.java:20)

